<?xml version="1.0" encoding="UTF-8"?>
<testsuite xmlns:xsi="http://www.w3.org/2001/XMLSchema-instance" xsi:noNamespaceSchemaLocation="https://maven.apache.org/surefire/maven-surefire-plugin/xsd/surefire-test-report-3.0.xsd" version="3.0" name="com.mycompany.code.GymMasterTest" time="0.703" tests="41" errors="0" skipped="0" failures="0">
  <properties>
[...]
</properties>
  <testcase name="testTutteLezioniStessoObserver" classname="com.mycompany.code.GymMasterTest" time="0.184">
    <system-out><![CDATA[Corso creato: Yoga
Observer aggiunto: CalendarioLezioni
Lezione creata: YOG001
Observer aggiunto: CalendarioLezioni
Lezione creata: YOG002
Posti disponibili aggiornati: 14/20
[Observer] CalendarioLezioni: notifica ricevuta - aggiornamento #1
[Observer] CalendarioLezioni: vista del calendario aggiornata automaticamente.
Posti disponibili aggiornati: 9/15
[Observer] CalendarioLezioni: notifica ricevuta - aggiornamento #2
[Observer] CalendarioLezioni: vista del calendario aggiornata automaticamente.
]]></system-out>
  </testcase>
  <testcase name="testAbbonamentoGiaAttivo" classname="com.mycompany.code.GymMasterTest" time="0.054">
    <system-out><![CDATA[Iscritto aggiunto: Bianchi Luca
Tipo abbonamento creato con successo: MENSILE
Iscritto trovato: Luca Bianchi
Tipologia selezionata: MENSILE
Factory: MensileFactory
Abbonamento MENSILE creato - ID: 1
Inizio: Sat Feb 21 17:28:47 CET 2026 | Fine: Mon Mar 23 17:28:47 CET 2026
Abbonamento attivato con successo! ID: 1
Abbonamento valido fino a: Mon Mar 23 17:28:47 CET 2026
Impossibile attivare un nuovo abbonamento: l'iscritto Luca Bianchi possiede gia' un abbonamento attivo!
ID Abbonamento attivo: 1
Scadenza: lunedì 23 marzo 2026 17:28:47
]]></system-out>
  </testcase>
  <testcase name="testConfermaAttivazioneTrimestrle" classname="com.mycompany.code.GymMasterTest" time="0.017">
    <system-out><![CDATA[Iscritto aggiunto: Bianchi Luca
Tipo abbonamento creato con successo: TRIMESTRALE
Iscritto trovato: Luca Bianchi
Tipologia selezionata: TRIMESTRALE
Factory: TrimestraleFactory
Abbonamento TRIMESTRALE creato - ID: 1
Inizio: Sat Feb 21 17:28:47 CET 2026 | Fine: Fri May 22 17:28:47 CEST 2026
Abbonamento attivato con successo! ID: 1
]]></system-out>
  </testcase>
  <testcase name="testEsisteTipoAbbonamento" classname="com.mycompany.code.GymMasterTest" time="0.006">
    <system-out><![CDATA[Tipo abbonamento creato con successo: MENSILE
]]></system-out>
  </testcase>
  <testcase name="testModificaTipoAbbonamentoInesistente" classname="com.mycompany.code.GymMasterTest" time="0.006"/>
  <testcase name="testConfermaAttivazioneMensile" classname="com.mycompany.code.GymMasterTest" time="0.003">
    <system-out><![CDATA[Iscritto aggiunto: Bianchi Luca
Tipo abbonamento creato con successo: MENSILE
Iscritto trovato: Luca Bianchi
Tipologia selezionata: MENSILE
Factory: MensileFactory
Abbonamento MENSILE creato - ID: 2
Inizio: Sat Feb 21 17:28:47 CET 2026 | Fine: Mon Mar 23 17:28:47 CET 2026
Abbonamento attivato con successo! ID: 2
]]></system-out>
  </testcase>
  <testcase name="testRegistraAccessoCFInesistente" classname="com.mycompany.code.GymMasterTest" time="0.006">
    <system-out><![CDATA[
=== REGISTRAZIONE ACCESSO ===
Iscritto non trovato!
]]></system-out>
  </testcase>
  <testcase name="testGeneraCodiceTessera" classname="com.mycompany.code.GymMasterTest" time="0.018">
    <system-out><![CDATA[Codice tessera generato: 54690
]]></system-out>
  </testcase>
  <testcase name="testAttivaAbbonamentoIscrittoEsistente" classname="com.mycompany.code.GymMasterTest" time="0.024">
    <system-out><![CDATA[Iscritto aggiunto: Bianchi Luca
Iscritto trovato: Luca Bianchi
]]></system-out>
  </testcase>
  <testcase name="testInserimentoLezioni" classname="com.mycompany.code.GymMasterTest" time="0.006">
    <system-out><![CDATA[Corso creato: Yoga
Observer aggiunto: CalendarioLezioni
Lezione creata: YOG001
]]></system-out>
  </testcase>
  <testcase name="testSala" classname="com.mycompany.code.GymMasterTest" time="0.003"/>
  <testcase name="testSelezionaTipoAbbonamentoInesistente" classname="com.mycompany.code.GymMasterTest" time="0.003">
    <system-out><![CDATA[Tipo abbonamento non trovato!
]]></system-out>
  </testcase>
  <testcase name="testGetSetOpzione" classname="com.mycompany.code.GymMasterTest" time="0.001"/>
  <testcase name="testPrenotazioneCompletaConObserver" classname="com.mycompany.code.GymMasterTest" time="0.061">
    <system-out><![CDATA[Iscritto aggiunto: Bianchi Luca
Tipo abbonamento creato con successo: MENSILE
Iscritto trovato: Luca Bianchi
Tipologia selezionata: MENSILE
Factory: MensileFactory
Abbonamento MENSILE creato - ID: 3
Inizio: Sat Feb 21 17:28:47 CET 2026 | Fine: Mon Mar 23 17:28:47 CET 2026
Abbonamento attivato con successo! ID: 3
Corso creato: Yoga
Observer aggiunto: CalendarioLezioni
Lezione creata: YOG001
Abbonamento valido fino a: Mon Mar 23 17:28:47 CET 2026

=== CORSI DISPONIBILI ===
- Yoga | Istruttore: Marco Zen

=== LEZIONI DISPONIBILI ===
- YOG001 | Lunedi | Ora: 10.0 | Posti: 15

--- Lezioni del corso Yoga ---
- YOG001 | Lunedi | Ora: 10.0
Stato prenotazione: EFFETTUATA
Posti disponibili aggiornati: 14/20
[Observer] CalendarioLezioni: notifica ricevuta - aggiornamento #1
[Observer] CalendarioLezioni: vista del calendario aggiornata automaticamente.
]]></system-out>
  </testcase>
  <testcase name="testSalvaAbbonamento" classname="com.mycompany.code.GymMasterTest" time="0.003">
    <system-out><![CDATA[Abbonamento salvato - ID: 99
]]></system-out>
  </testcase>
  <testcase name="testSelezionaTipoAbbonamentoAnnualeConFactory" classname="com.mycompany.code.GymMasterTest" time="0.003">
    <system-out><![CDATA[Tipo abbonamento creato con successo: ANNUALE
Tipologia selezionata: ANNUALE
Factory: AnnualeFactory
]]></system-out>
  </testcase>
  <testcase name="testSelezionaLezioneSpecifica" classname="com.mycompany.code.GymMasterTest" time="0.007">
    <system-out><![CDATA[Corso creato: Yoga
Observer aggiunto: CalendarioLezioni
Lezione creata: YOG001

--- Dettagli Lezione ---
ID: YOG001
Giorno: Lunedi
Ora inizio: 10.0
Durata: 1.5 ore
Istruttore: Marco Zen
Posti disponibili: 15/20
Stato: NON_INIZIATA
]]></system-out>
  </testcase>
  <testcase name="testMostraTipologieAbbonamento" classname="com.mycompany.code.GymMasterTest" time="0.006">
    <system-out><![CDATA[
--- Tipologie abbonamento disponibili ---
Nessuna tipologia disponibile.
Tipo abbonamento creato con successo: MENSILE

--- Tipologie abbonamento disponibili ---
- MENSILE | 29.99 euro | Lezioni: Si
]]></system-out>
  </testcase>
  <testcase name="testConfermaAttivazioneSenzaFactory" classname="com.mycompany.code.GymMasterTest" time="0.005">
    <system-out><![CDATA[Iscritto aggiunto: Bianchi Luca
Tipo abbonamento creato con successo: Premium
Iscritto trovato: Luca Bianchi
Tipologia selezionata: Premium
Tipologia non riconosciuta per la factory!
Nessuna factory selezionata!
]]></system-out>
  </testcase>
  <testcase name="testInserisciNuovoCorso" classname="com.mycompany.code.GymMasterTest" time="0.008">
    <system-out><![CDATA[Corso creato: Yoga
]]></system-out>
  </testcase>
  <testcase name="testRegistraIscrittoDuplicato" classname="com.mycompany.code.GymMasterTest" time="0.005">
    <system-out><![CDATA[Iscritto aggiunto: Bianchi Luca
Iscritto gia' presente!
]]></system-out>
  </testcase>
  <testcase name="testInserimentoLezioneRegistraObserver" classname="com.mycompany.code.GymMasterTest" time="0.004">
    <system-out><![CDATA[Corso creato: Yoga
Observer aggiunto: CalendarioLezioni
Lezione creata: YOG001
]]></system-out>
  </testcase>
  <testcase name="testGestorePalestra" classname="com.mycompany.code.GymMasterTest" time="0.007"/>
  <testcase name="testConfermaAttivazioneSenzaTipologia" classname="com.mycompany.code.GymMasterTest" time="0.002">
    <system-out><![CDATA[Iscritto aggiunto: Bianchi Luca
Iscritto trovato: Luca Bianchi
Nessuna tipologia abbonamento selezionata!
]]></system-out>
  </testcase>
  <testcase name="testGetSetAbbonamentoFactory" classname="com.mycompany.code.GymMasterTest" time="0.002"/>
  <testcase name="testSelezionaTipoAbbonamentoTrimestraleConFactory" classname="com.mycompany.code.GymMasterTest" time="0.005">
    <system-out><![CDATA[Tipo abbonamento creato con successo: TRIMESTRALE
Tipologia selezionata: TRIMESTRALE
Factory: TrimestraleFactory
]]></system-out>
  </testcase>
  <testcase name="testRegistraNuovoIscritto" classname="com.mycompany.code.GymMasterTest" time="0.003">
    <system-out><![CDATA[Iscritto aggiunto: Bianchi Luca
]]></system-out>
  </testcase>
  <testcase name="testCalcolaDataLimite" classname="com.mycompany.code.GymMasterTest" time="0.002"/>
  <testcase name="testConfermaAttivazioneAnnuale" classname="com.mycompany.code.GymMasterTest" time="0.003">
    <system-out><![CDATA[Iscritto aggiunto: Bianchi Luca
Tipo abbonamento creato con successo: ANNUALE
Iscritto trovato: Luca Bianchi
Tipologia selezionata: ANNUALE
Factory: AnnualeFactory
Abbonamento ANNUALE creato - ID: 1
Inizio: Sat Feb 21 17:28:48 CET 2026 | Fine: Sun Feb 21 17:28:48 CET 2027
Abbonamento attivato con successo! ID: 1
]]></system-out>
  </testcase>
  <testcase name="testAttivaAbbonamentoIscrittoInesistente" classname="com.mycompany.code.GymMasterTest" time="0.001">
    <system-out><![CDATA[Iscritto non trovato!
]]></system-out>
  </testcase>
  <testcase name="testGettersMappe" classname="com.mycompany.code.GymMasterTest" time="0.001"/>
  <testcase name="testConfermaAttivazioneSenzaIscritto" classname="com.mycompany.code.GymMasterTest" time="0.002">
    <system-out><![CDATA[Tipo abbonamento creato con successo: MENSILE
Tipologia selezionata: MENSILE
Factory: MensileFactory
Nessun iscritto selezionato!
]]></system-out>
  </testcase>
  <testcase name="testSelezionaPrenotazioneInesistente" classname="com.mycompany.code.GymMasterTest" time="0.002">
    <system-out><![CDATA[Prenotazione non trovata!
]]></system-out>
  </testcase>
  <testcase name="testSelezionaTipoAbbonamentoMensileConFactory" classname="com.mycompany.code.GymMasterTest" time="0.002">
    <system-out><![CDATA[Tipo abbonamento creato con successo: MENSILE
Tipologia selezionata: MENSILE
Factory: MensileFactory
]]></system-out>
  </testcase>
  <testcase name="testVisualizzaPrenotazioniIscrittoInesistente" classname="com.mycompany.code.GymMasterTest" time="0.003">
    <system-out><![CDATA[Iscritto non trovato!
]]></system-out>
  </testcase>
  <testcase name="testCalendarioLezioniInizializzato" classname="com.mycompany.code.GymMasterTest" time="0.001"/>
  <testcase name="testModificaTipoAbbonamento" classname="com.mycompany.code.GymMasterTest" time="0.002">
    <system-out><![CDATA[Tipo abbonamento creato con successo: MENSILE
Tipo abbonamento aggiornato: MENSILE
Tipo abbonamento modificato con successo!
]]></system-out>
  </testcase>
  <testcase name="testCreaNuovoTipoAbbonamento" classname="com.mycompany.code.GymMasterTest" time="0.002">
    <system-out><![CDATA[Tipo abbonamento creato con successo: MENSILE
]]></system-out>
  </testcase>
  <testcase name="testSelezionaLezioneInesistente" classname="com.mycompany.code.GymMasterTest" time="0.003">
    <system-out><![CDATA[Lezione non trovata!
]]></system-out>
  </testcase>
  <testcase name="testPrenotazioniMultipleNotificanoObserver" classname="com.mycompany.code.GymMasterTest" time="0.005">
    <system-out><![CDATA[Iscritto aggiunto: Bianchi Luca
Tipo abbonamento creato con successo: MENSILE
Iscritto trovato: Luca Bianchi
Tipologia selezionata: MENSILE
Factory: MensileFactory
Abbonamento MENSILE creato - ID: 4
Inizio: Sat Feb 21 17:28:48 CET 2026 | Fine: Mon Mar 23 17:28:48 CET 2026
Abbonamento attivato con successo! ID: 4
Corso creato: Yoga
Observer aggiunto: CalendarioLezioni
Lezione creata: YOG001
Abbonamento valido fino a: Mon Mar 23 17:28:48 CET 2026

=== CORSI DISPONIBILI ===
- Yoga | Istruttore: Marco Zen

=== LEZIONI DISPONIBILI ===
- YOG001 | Lunedi | Ora: 10.0 | Posti: 15

--- Lezioni del corso Yoga ---
- YOG001 | Lunedi | Ora: 10.0
Stato prenotazione: EFFETTUATA
Posti disponibili aggiornati: 14/20
[Observer] CalendarioLezioni: notifica ricevuta - aggiornamento #1
[Observer] CalendarioLezioni: vista del calendario aggiornata automaticamente.
Abbonamento valido fino a: Mon Mar 23 17:28:48 CET 2026

=== CORSI DISPONIBILI ===
- Yoga | Istruttore: Marco Zen

=== LEZIONI DISPONIBILI ===
- YOG001 | Lunedi | Ora: 10.0 | Posti: 14

--- Lezioni del corso Yoga ---
- YOG001 | Lunedi | Ora: 10.0
Stato prenotazione: EFFETTUATA
Posti disponibili aggiornati: 13/20
[Observer] CalendarioLezioni: notifica ricevuta - aggiornamento #2
[Observer] CalendarioLezioni: vista del calendario aggiornata automaticamente.
]]></system-out>
  </testcase>
  <testcase name="testGetSetCalendarioLezioni" classname="com.mycompany.code.GymMasterTest" time="0.005"/>
</testsuite>